生成启动时间为 2018/11/26 19:34:27。
     1>项目“E:\vs代码\matlab__te\matlab__te\matlab__te.vcxproj”在节点 2 上(Build 个目标)。
     1>ClCompile:
         D:\vs\VC\bin\CL.exe /c /ZI /nologo /W3 /WX- /sdl /Od /Oy- /D WIN32 /D _DEBUG /D _CONSOLE /D _LIB /D _UNICODE /D UNICODE /Gm /EHsc /RTC1 /MDd /GS /fp:precise /Zc:wchar_t /Zc:forScope /Fo"Debug\\" /Fd"Debug\vc120.pdb" /Gd /TP /analyze- /errorReport:prompt 123.cpp
         123.cpp
       Link:
         D:\vs\VC\bin\link.exe /ERRORREPORT:PROMPT /OUT:"E:\vs代码\matlab__te\Debug\matlab__te.exe" /INCREMENTAL /NOLOGO libeng.lib libmx.lib libmat.lib libmex.lib kernel32.lib user32.lib gdi32.lib winspool.lib comdlg32.lib advapi32.lib shell32.lib ole32.lib oleaut32.lib uuid.lib odbc32.lib odbccp32.lib /MANIFEST /MANIFESTUAC:"level='asInvoker' uiAccess='false'" /manifest:embed /DEBUG /PDB:"E:\vs代码\matlab__te\Debug\matlab__te.pdb" /SUBSYSTEM:CONSOLE /TLBID:1 /DYNAMICBASE /NXCOMPAT /IMPLIB:"E:\vs代码\matlab__te\Debug\matlab__te.lib" /MACHINE:X86 Debug\123.obj
     1>123.obj : error LNK2019: 无法解析的外部符号 _engOpen，该符号在函数 _main 中被引用
     1>E:\vs代码\matlab__te\Debug\matlab__te.exe : fatal error LNK1120: 1 个无法解析的外部命令
     1>已完成生成项目“E:\vs代码\matlab__te\matlab__te\matlab__te.vcxproj”(Build 个目标)的操作 - 失败。

生成失败。

已用时间 00:00:01.32
